Start testing: Oct 12 14:49 CST
----------------------------------------------------------
1/1 Testing: DATA_STRUCTURE_C
1/1 Test: DATA_STRUCTURE_C
Command: "/Users/aliran/Desktop/data_structure_c/cmake-build-debug/data_structure_tests"
Directory: /Users/aliran/Desktop/data_structure_c/cmake-build-debug
"DATA_STRUCTURE_C" start time: Oct 12 14:49 CST
Output:
----------------------------------------------------------
[====] Synthesis: Tested: 1 | Passing: 1 | Failing: 0 | Crashing: 0 
<end of output>
Test time =   0.58 sec
----------------------------------------------------------
Test Passed.
"DATA_STRUCTURE_C" end time: Oct 12 14:49 CST
"DATA_STRUCTURE_C" time elapsed: 00:00:00
----------------------------------------------------------

End testing: Oct 12 14:49 CST
